<?xml version="1.0" encoding="UTF-8"?>
<testng-results skipped="0" failed="0" ignored="0" total="1" passed="1">
  <reporter-output>
  </reporter-output>
  <suite name="Default suite" duration-ms="14429" started-at="2019-08-08T08:08:55Z" finished-at="2019-08-08T08:09:09Z">
    <groups>
    </groups>
    <test name="Default test" duration-ms="14429" started-at="2019-08-08T08:08:55Z" finished-at="2019-08-08T08:09:09Z">
      <class name="TRI.TRI_Assignment.SeleniumAssignment">
        <test-method status="PASS" signature="SeleniumTest()[pri:0, instance:TRI.TRI_Assignment.SeleniumAssignment@4fe3c938]" name="SeleniumTest" duration-ms="14379" started-at="2019-08-08T13:38:55Z" finished-at="2019-08-08T13:39:09Z">
          <reporter-output>
          </reporter-output>
        </test-method> <!-- SeleniumTest -->
      </class> <!-- TRI.TRI_Assignment.SeleniumAssignment -->
    </test> <!-- Default test -->
  </suite> <!-- Default suite -->
</testng-results>
